2024-11-09 21:08:48,549 - INFO - We will use 90% of the memory on device 0 for storing the model, and 10% for the buffer to avoid OOM. You can set `max_memory` in to a higher value to use more memory (at your own risk).
2024-11-09 21:08:48,638 - WARNING - The model weights are not tied. Please use the `tie_weights` method before using the `infer_auto_device` function.
cuda
Loading checkpoint shards:   0%|          | 0/5 [00:00<?, ?it/s]Loading checkpoint shards:  20%|██        | 1/5 [00:02<00:09,  2.44s/it]Loading checkpoint shards:  40%|████      | 2/5 [00:04<00:06,  2.27s/it]Loading checkpoint shards:  60%|██████    | 3/5 [00:06<00:04,  2.27s/it]Loading checkpoint shards:  80%|████████  | 4/5 [00:09<00:02,  2.24s/it]Loading checkpoint shards: 100%|██████████| 5/5 [00:09<00:00,  1.68s/it]Loading checkpoint shards: 100%|██████████| 5/5 [00:09<00:00,  1.95s/it]
2024-11-09 21:09:03,562 - INFO - Note: detected 128 virtual cores but NumExpr set to maximum of 64, check "NUMEXPR_MAX_THREADS" environment variable.
2024-11-09 21:09:03,562 - INFO - Note: NumExpr detected 128 cores but "NUMEXPR_MAX_THREADS" not set, so enforcing safe limit of 8.
2024-11-09 21:09:03,562 - INFO - NumExpr defaulting to 8 threads.
2024-11-09 21:09:03,881 - INFO - PyTorch version 2.3.0 available.
/scratch/oe2015/conda-envs/greedy/lib/python3.8/site-packages/torchmetrics/utilities/prints.py:43: UserWarning: Metric `Kernel Inception Distance` will save all extracted features in buffer. For large datasets this may lead to large memory footprint.
  warnings.warn(*args, **kwargs)  # noqa: B028
bbbbb
bbbbb
Dataset({
    features: ['caption', 'code', 'image', 'pdf', 'uri', 'origin', 'date'],
    num_rows: 94532
})

system

Today Date: 09 Nov 2024

You are a helpful AI that can generate tikz code from images.
user

This is a picture of a scientific figure  as well as its caption. The caption reads: '\small{For a solution in $Q_1$, we prove Hölder continuity \ref{thm:holder} in $Q_{\frac{1}{2}}$. The Intermediate Value Lemma \ref{thm:IVL} relates $Q_{r_0}$ to $Q^-_{r_0}$ in the past. The Weak Harnack inequality \ref{eq:weakH} relates $Q_{\frac{r_0}{2}}$ with $\tilde Q^-_{\frac{r_0}{2}}$ and the Not-so-Strong Harnack inequality relates $Q_{\frac{r_0}{4}}$ with $\tilde Q^-_{\frac{r_0}{4}}$ in the past. Note that all cylinders depend on the value of $s \in (0, 1)$.}'. Generate LaTeX code that draws this scientific figure using TikZ. Ensure that the LaTeX code is self-contained and does not require any packages except TikZ-related imports. Make sure the TikZ code accurately reflects the image details as much as possible. Make sure the Tikz code compiles with no errors and is syntactically correctMake sure the output is not more than 500 wordsDon't forget to include \usepackage{tikz}! Return your result in a ```latex code block.
assistant

The provided image appears to be a diagram illustrating the relationship between various cylinders, denoted by $Q_1$, $Q_{\frac{1}{2}}$, $Q_{r_0}$, $Q^-_{r_0}$, $Q_{\frac{r_0}{2}}$, $\tilde Q^-_{\frac{r_0}{2}}$, and $Q_{\frac{r_0}{4}}$. The diagram is divided into three sections, each representing a different level of magnification.

To generate LaTeX code that draws this scientific figure using TikZ, we can use the following code:

```latex
\documentclass{article}
\usepackage{tikz}

\begin{document}

\begin{tikzpicture}[scale=2]

% Define the centers of the cylinders
\coordinate (Q1) at (0,0);
\coordinate (Qhalf) at (0,1);
\coordinate (Qr0) at (0,2);
\coordinate (Qm1r0) at (0,3);
\coordinate (Qhalfm1r0) at (0,4);
\coordinate (Qhalfm2r0) at (0,5);

% Draw the cylinders
\draw[fill=blue, opacity=0.2] (Q1) circle (1);
\draw[fill=blue, opacity=0.2] (Qhalf) circle (0.5);
\draw[fill=blue, opacity=0.2] (Qr0) circle (0.25);
\draw[fill=blue, opacity=0.2] (Qm1r0) circle (0.125);
\draw[fill=blue, opacity=0.2] (Qhalfm1r0) circle (0.0625);
\draw[fill=blue, opacity=0.2] (Qhalfm2r0) circle (0.03125);

% Draw the dashed lines to represent the boundaries of the cylinders
\draw[dashed] (Q1) circle (1);
\draw[dashed] (Qhalf) circle (0.5);
\draw[dashed] (Qr0) circle (0.25);
\draw[dashed] (Qm1r0) circle (0.125);
\draw[dashed] (Qhalfm1r0) circle (0.0625);
\draw[dashed] (Qhalfm2r0) circle (0.03125);

% Label the cylinders
\node at (Q1) [below] {$Q_1$};
\node at (Qhalf) [below] {$Q_{\frac{1}{2}}$};
\node at (Qr0) [below] {$Q_{r_0}$};
\node at (Qm1r0) [below] {$Q^-_{r_0}$};
\node at (Qhalfm1r0) [below] {$Q_{\frac{r_0}{2}}$};
\node at (Qhalfm2r0) [below] {$\tilde Q^-_{\frac{r_0}{2}}$};

\end{tikzpicture}

\end{document}
```

This code defines the centers of the cylinders using the `\coordinate` command and draws the cylinders using the `\draw` command with the `fill` option set to `blue` and the `opacity` option set to `0.2`. The dashed lines are drawn using the `\draw` command with the `dashed` option. The labels for the cylinders are added using the `\node` command.

Note that this code assumes that the cylinders are concentric and that the boundaries of the cylinders are represented by dashed lines. If the cylinders are not concentric or if the boundaries are represented differently, the code may need to be modified accordingly.
code block.
assistant

The provided image appears to be a diagram illustrating the relationship between various cylinders, denoted by $Q_1$, $Q_{\frac{1}{2}}$, $Q_{r_0}$, $Q^-_{r_0}$, $Q_{\frac{r_0}{2}}$, $\tilde Q^-_{\frac{r_0}{2}}$, and $Q_{\frac{r_0}{4}}$. The diagram is divided into three sections, each representing a different level of magnification.

To generate LaTeX code that draws this scientific figure using TikZ, we can use the following code:
