2024-11-09 21:36:31,707 - INFO - We will use 90% of the memory on device 0 for storing the model, and 10% for the buffer to avoid OOM. You can set `max_memory` in to a higher value to use more memory (at your own risk).
2024-11-09 21:36:31,796 - WARNING - The model weights are not tied. Please use the `tie_weights` method before using the `infer_auto_device` function.
cuda
Loading checkpoint shards:   0%|          | 0/5 [00:00<?, ?it/s]Loading checkpoint shards:  20%|██        | 1/5 [00:02<00:09,  2.44s/it]Loading checkpoint shards:  40%|████      | 2/5 [00:04<00:07,  2.38s/it]Loading checkpoint shards:  60%|██████    | 3/5 [00:07<00:04,  2.35s/it]Loading checkpoint shards:  80%|████████  | 4/5 [00:09<00:02,  2.35s/it]Loading checkpoint shards: 100%|██████████| 5/5 [00:10<00:00,  1.77s/it]Loading checkpoint shards: 100%|██████████| 5/5 [00:10<00:00,  2.04s/it]
2024-11-09 21:36:46,201 - INFO - Note: detected 128 virtual cores but NumExpr set to maximum of 64, check "NUMEXPR_MAX_THREADS" environment variable.
2024-11-09 21:36:46,202 - INFO - Note: NumExpr detected 128 cores but "NUMEXPR_MAX_THREADS" not set, so enforcing safe limit of 8.
2024-11-09 21:36:46,202 - INFO - NumExpr defaulting to 8 threads.
2024-11-09 21:36:46,529 - INFO - PyTorch version 2.3.0 available.
/scratch/oe2015/conda-envs/greedy/lib/python3.8/site-packages/torchmetrics/utilities/prints.py:43: UserWarning: Metric `Kernel Inception Distance` will save all extracted features in buffer. For large datasets this may lead to large memory footprint.
  warnings.warn(*args, **kwargs)  # noqa: B028
bbbbb
bbbbb
Dataset({
    features: ['caption', 'code', 'image', 'pdf', 'uri', 'origin', 'date'],
    num_rows: 94532
})
\documentclass{article}
\usepackage{tikz}

\begin{document}

\begin{tikzpicture}[scale=3]

\draw[fill=blue] (0,0) rectangle (2,1);
\node at (1.5,0.5) {$Q_1$};

\draw[fill=blue] (0.5,0.5) rectangle (1,0.5);
\node at (0.75,0.5) {$Q_{\frac{1}{2}}$};

\draw[fill=red] (0.5,0.5) rectangle (0.75,0.25);
\node at (0.625,0.25) {$Q_{r_0}$};

\draw[fill=orange] (0.5,0.25) rectangle (0.75,0.5);
\node at (0.625,0.375) {$Q^-_{r_0}$};

\draw[fill=red] (0.75,0.25) rectangle (1,0.5);
\node at (0.875,0.375) {$Q_{\frac{r_0}{2}}$};

\draw[fill=orange] (0.75,0.5) rectangle (1,0.75);
\node at (0.875,0.625) {$Q^-_{\frac{r_0}{2}}$};

\draw[fill=orange] (0.75,0.75) rectangle (1,1);
\node at (0.875,0.875) {$\tilde Q^-_{\frac{r_0}{4}}$};

\draw[dashed] (1.5,0.5) -- (2,0.5);
\node at (1.75,0.5) {$Q_{\frac{1}{2}}$};

\end{tikzpicture}

\end{document}
[tensor(0.4702)]
Traceback (most recent call last):
  File "run.py", line 212, in <module>
    corpus_bleu_metric.update(
AttributeError: 'CrystalBLEU' object has no attribute 'update'
