2024-11-09 21:02:28,074 - INFO - We will use 90% of the memory on device 0 for storing the model, and 10% for the buffer to avoid OOM. You can set `max_memory` in to a higher value to use more memory (at your own risk).
2024-11-09 21:02:28,163 - WARNING - The model weights are not tied. Please use the `tie_weights` method before using the `infer_auto_device` function.
cuda
Loading checkpoint shards:   0%|          | 0/5 [00:00<?, ?it/s]Loading checkpoint shards:  20%|██        | 1/5 [00:03<00:14,  3.61s/it]Loading checkpoint shards:  40%|████      | 2/5 [00:06<00:09,  3.19s/it]Loading checkpoint shards:  60%|██████    | 3/5 [00:09<00:06,  3.05s/it]Loading checkpoint shards:  80%|████████  | 4/5 [00:12<00:03,  3.01s/it]Loading checkpoint shards: 100%|██████████| 5/5 [00:13<00:00,  2.27s/it]Loading checkpoint shards: 100%|██████████| 5/5 [00:13<00:00,  2.66s/it]
2024-11-09 21:02:50,635 - INFO - Note: detected 128 virtual cores but NumExpr set to maximum of 64, check "NUMEXPR_MAX_THREADS" environment variable.
2024-11-09 21:02:50,635 - INFO - Note: NumExpr detected 128 cores but "NUMEXPR_MAX_THREADS" not set, so enforcing safe limit of 8.
2024-11-09 21:02:50,635 - INFO - NumExpr defaulting to 8 threads.
2024-11-09 21:02:55,950 - INFO - PyTorch version 2.3.0 available.
bbbbb
bbbbb
Dataset({
    features: ['caption', 'code', 'image', 'pdf', 'uri', 'origin', 'date'],
    num_rows: 94532
})
hello
hello1
hello2
hello3
code block.
assistant

The provided image is a diagram illustrating the relationships between various cylinders, specifically $Q_1$, $Q_{\frac{1}{2}}$, $Q_{r_0}$, $Q^-_{r_0}$, $Q_{\frac{r_0}{2}}$, $\tilde Q^-_{\frac{r_0}{2}}$, $Q_{\frac{r_0}{4}}$, and $\tilde Q^-_{\frac{r_0}{4}}$. The diagram is drawn using the TikZ package in LaTeX.

To create this diagram, we can use the following TikZ code:
Traceback (most recent call last):
  File "run.py", line 196, in <module>
    #     print(tex_edit_distance.sentence_eed)
NameError: name 'tex_edit_distance' is not defined
